# Preference setting overrides
gui_create_pref_key -category {Globals} -key {load_detail_for_funcov} -value_type {bool} -value {false}

# State setting overrides
gui_state_default_create -off -ini
gui_set_state_value -category Layout -key child_console_size_x -value 1299
gui_set_state_value -category Layout -key child_console_size_y -value 136
gui_set_state_value -category Layout -key child_data_size_x -value 158
gui_set_state_value -category Layout -key child_data_size_y -value 295
gui_set_state_value -category Layout -key child_hier_col3 -value {-1}
gui_set_state_value -category Layout -key child_hier_colpd -value 0
gui_set_state_value -category Layout -key child_hier_size_x -value 186
gui_set_state_value -category Layout -key child_hier_size_y -value 295
gui_set_state_value -category Layout -key child_source_docknewline -value false
gui_set_state_value -category Layout -key child_source_pos_x -value {-2}
gui_set_state_value -category Layout -key child_source_pos_y -value {-15}
gui_set_state_value -category Layout -key child_source_size_x -value 958
gui_set_state_value -category Layout -key child_source_size_y -value 290
gui_set_state_value -category Layout -key child_wave_colname -value 180
gui_set_state_value -category Layout -key child_wave_colvalue -value 180
gui_set_state_value -category Layout -key child_wave_left -value 365
gui_set_state_value -category Layout -key child_wave_right -value 889
gui_set_state_value -category Layout -key main_pos_y -value 24
gui_set_state_value -category Layout -key main_size_x -value 1304
gui_set_state_value -category Layout -key main_size_y -value 562
gui_set_state_value -category Layout -key stand_wave_child_docknewline -value false
gui_set_state_value -category Layout -key stand_wave_child_pos_x -value {-2}
gui_set_state_value -category Layout -key stand_wave_child_pos_y -value {-15}
gui_set_state_value -category Layout -key stand_wave_child_size_x -value 1264
gui_set_state_value -category Layout -key stand_wave_child_size_y -value 435
gui_set_state_value -category Layout -key stand_wave_top_pos_x -value 5
gui_set_state_value -category Layout -key stand_wave_top_pos_y -value 24
gui_set_state_value -category Layout -key stand_wave_top_size_x -value 1264
gui_set_state_value -category Layout -key stand_wave_top_size_y -value 571
gui_create_state_key -category FindDialog -key m_pMatchCase -value_type bool -value false
gui_create_state_key -category FindDialog -key m_pMatchWord -value_type bool -value false
gui_create_state_key -category FindDialog -key m_pUseCombo -value_type string -value {}
gui_create_state_key -category FindDialog -key m_pWrapAround -value_type bool -value true
gui_state_default_create -off

# Begin command logging
gui_sim_run Ucli -exe ./simv -args {-ucligui  } -dir .
gui_list_expand -id  Hier.1   TOP_ctl
gui_list_expand -id  Hier.1   TOP_ctl.testchip
gui_list_select -id Hier.1 -current_item_name TOP_ctl.testchip.bist -current_item_type Scope  -selected  { TOP_ctl.testchip.bist   }
gui_open_window Wave
gui_list_add -id Wave.1 -from Hier.1 { TOP_ctl.testchip.bist } -insertionbar
gui_sim_continue  
gui_marker_move -id  Wave.1 C1 1201170
gui_zoom -window Wave.1 -full
gui_list_select -id Wave.1 -selected  { {TOP_ctl.testchip.bist.t_cyc_count[20:0]}   }
gui_list_select -id Wave.1 -selected  { {TOP_ctl.testchip.bist.s_cyc_count[10:0]}   }
gui_list_set_selected_property -id Wave.1 -radix decimal
gui_list_select -id Wave.1 -selected  { {TOP_ctl.testchip.bist.t_cyc_count[20:0]}   }
gui_list_set_selected_property -id Wave.1 -radix decimal
gui_marker_move -id  Wave.1 C1 50
gui_zoom -window Wave.1 -factor 2
gui_zoom -window Wave.1 -factor 2
gui_zoom -window Wave.1 -factor 2
gui_zoom -window Wave.1 -factor 2
gui_zoom -window Wave.1 -factor 2
gui_zoom -window Wave.1 -factor 2
gui_zoom -window Wave.1 -factor 2
gui_zoom -window Wave.1 -factor 2
gui_zoom -window Wave.1 -factor 2
gui_marker_move -id  Wave.1 C1 200
gui_zoom -window Wave.1 -factor 0.5
gui_zoom -window Wave.1 -factor 0.5
gui_zoom -window Wave.1 -factor 0.5
gui_zoom -window Wave.1 -factor 0.5
gui_zoom -window Wave.1 -factor 0.5
gui_zoom -window Wave.1 -factor 0.5
gui_marker_move -id  Wave.1 C1 26450
gui_zoom -window Wave.1 -factor 2
gui_zoom -window Wave.1 -factor 2
gui_zoom -window Wave.1 -factor 2
gui_zoom -window Wave.1 -factor 2
gui_wv_scroll_hslidermove -id  Wave.1 2266
gui_zoom -window Wave.1 -factor 2
gui_zoom -window Wave.1 -factor 2
gui_zoom -window Wave.1 -factor 2
gui_marker_move -id  Wave.1 C1 26671
gui_zoom -window Wave.1 -factor 0.5
gui_marker_move -id  Wave.1 C1 26450
gui_marker_move -id  Wave.1 C1 26600
gui_zoom -window Wave.1 -factor 0.5
gui_zoom -window Wave.1 -factor 0.5
gui_zoom -window Wave.1 -factor 0.5
gui_zoom -window Wave.1 -factor 0.5
gui_zoom -window Wave.1 -factor 0.5
gui_marker_move -id  Wave.1 C1 52900
gui_zoom -window Wave.1 -factor 2
gui_zoom -window Wave.1 -factor 2
gui_zoom -window Wave.1 -factor 2
gui_zoom -window Wave.1 -factor 2
gui_zoom -window Wave.1 -factor 2
gui_close_window -window TopLevel.2
