21:11:55    16 -->                                                             [tcl] ucliGUI::connect -toolargs -ucligui -toolexe ./simv -pid 10394 -toolin /tmp/vcs_20170419021150_10385_nkumar1..stdin -toolout /tmp/vcs_20170419021150_10385_nkumar1..stdout  
21:11:55    17 -->                                                                 [tcl] set ucliGUI::state
21:11:55    18 -->                                                                     [tcl] gui_update_simulator_buttons
21:11:56    19 -->                                                                         [tcl] set ucliGUI::state
21:11:56    20 -->                                                                             [tcl] ucliCore::getToolPID
21:11:56    21 -->                                                                                 [tcl] synopsys::env hasTB
21:11:56    22 -->                                                                                     [tcl] trigger_hier_stack_context_switch 0
21:11:56    23 -->                                                                                         [tcl] synUtils::setDVEInitPhase 1
21:11:56    24 -->                                                                                             [tcl] gui_get_env SIMSETUP::SIMVPD
21:11:56    25 --> ...  [tcl] synopsys::dump -type VPD -file /home/ecelrc/students/nkumar1/Desktop/vlsi_t/proj_2/project2/inter.vpd -locking
21:11:56    26 --> ...      [tcl] synopsys::dump -autoflush on -fid VPD0
21:11:56    27 --> ...          [tcl] set ::dve_fid VPD0
21:11:56    28 --> ...              [tcl] synUtils::setDVEInitPhase 0
21:11:56    29 --> ...                  [tcl] ucliCore::getToolPID
21:11:56    30 --> ...                      [tcl] synUtils::sendTool -active _icl_setToolSocket /tmp/smlnpXWcx3b
21:11:56    31 --> ...                          [tcl] synUtils::sendTool -active {_icl_start_rpc -version "K-2015.09-SP1_Full64" -sync_file /tmp/vcs_dve_rpc.nkumar1.10394}
21:11:57    32 --> ...                              [tcl] synUtils::sendTool -active {_icl_createSharedMemory /tmp/vcs_dve_general.nkumar1.10394}
21:11:57    33 --> ...                                  [tcl] dveMisc::vbusExpand TOP_ctl
21:11:57    34 --> ...                                      [tcl] config endofsim noexit
21:11:57    35 --> ...                                          [tcl] config onfail enable all
21:11:57    36 --> ...                                              [tcl] config syscaddplainmembers
21:11:57    37 --> ...                                                  [tcl] config syscaddsourcenames
21:11:57    38 --> ...                                                      [tcl] config syscaddstructtypes
21:11:57    39 --> ...                                                          [tcl] synopsys::listing -disable
21:12:05    40 --> ...                                                              [tcl] dveMisc::vbusExpand TOP_ctl.testchip.bist
21:12:10    41 --> ...                                                                  [tcl] synopsys::dump -add {TOP_ctl.testchip.bist} -scope "." -depth 1 -fid VPD0
21:12:10    42 --> ...                                                                      [tcl] synopsys::dump -add {TOP_ctl.testchip.bist.LFSR TOP_ctl.testchip.bist.LFSR_sig } -aggregates  -fid VPD0
21:12:12    43 --> ...                                                                          [tcl] synopsys::run
21:12:12    44 --> ...                                                                              [tcl] set ucliGUI::state
21:12:12    45 --> ...                                                                                  [tcl] set ucliGUI::state
21:12:12    46 --> ...                                                                                      [tcl] gui_update_simulator_buttons
21:12:14    47 --> ...                                                                                          [tcl] gui_update_simulator_buttons
21:12:14    48 --> ...                                                                                              [tcl] set ucliGUI::state
21:12:14    49 --> ...                                                                                                  [tcl] set ucliGUI::state
21:12:14    50 --> ...  [tcl] catch {senv activeDomain} dveMisc::result 
21:12:14    51 --> ...      [tcl] set dveMisc::result
21:12:14    52 --> ...          [tcl] gui_update_simulator_buttons
21:17:11    53 --> ...              [tcl] if [catch {gui_sim_terminate}] {gui_sim_terminate -kill}
21:17:11    54 --> ...                  [tcl] synopsys::finish
21:17:11    55 --> ...                      [tcl] set ucliGUI::state
21:17:11    56 --> ...                          [tcl] set ucliGUI::state
21:17:11    57 --> ...                              [tcl] catch {senv activeDomain} dveMisc::result 
21:17:11    58 --> ...                                  [tcl] set dveMisc::result
21:17:11    59 --> ...                                      [tcl] gui_update_simulator_buttons
21:17:11    60 --> ...                                          [tcl] catch {senv activeDomain} dveMisc::result 
21:17:11    61 --> ...                                              [tcl] set dveMisc::result
21:17:11    62 --> ...                                                  [tcl] ucli_exit
