Chronologic VCS simulator copyright 1991-2015
Contains Synopsys proprietary information.
Compiler version K-2015.09-SP1_Full64; Runtime version K-2015.09-SP1_Full64;  Apr 18 21:11 2017
VCD+ Writer K-2015.09-SP1_Full64 Copyright (c) 1991-2015 by Synopsys Inc.
The file '/home/ecelrc/students/nkumar1/Desktop/vlsi_t/proj_2/project2/inter.vpd' was opened successfully.
PI                                    PO

Injecting No Fault into CUT:  Fault-Free BIST Simulation
Starting BIST run

 
1 0 1 0 1 1 0 0 1 1 0 1 1 0 1 1 
Completed Bist...  BIST Passed: 0

Injecting Fault into CUT:  testchip.circuit.II282 = 1
Starting BIST run

 
1 0 1 0 1 1 0 0 1 1 0 1 1 0 1 1 
Completed Bist...  BIST Passed: 0

Injecting No Fault into CUT:  Fault-Free BIST Simulation
Starting BIST run

 
1 0 1 0 1 1 0 0 1 1 0 1 1 0 1 1 
Completed Bist...  BIST Passed: 0

Injecting Fault into CUT:  testchip.circuit.n482gat = 0
Starting BIST run

 
1 0 1 0 1 1 0 0 1 1 0 1 1 0 1 1 
Completed Bist...  BIST Passed: 0

Injecting Fault into CUT:  testchip.circuit.n226gat = 1
Starting BIST run

 
0 1 0 0 0 1 1 0 0 1 0 1 0 1 1 1 
Completed Bist...  BIST Passed: 0

Injecting Fault into CUT:  testchip.circuit.n1275gat = 0
Starting BIST run

 
1 0 1 0 1 1 0 0 1 1 0 1 1 0 1 1 
Completed Bist...  BIST Passed: 0

Injecting Fault into CUT:  testchip.circuit.n1582gat = 1
Starting BIST run

 
1 0 1 0 1 1 0 0 1 1 0 1 1 0 1 1 
Completed Bist...  BIST Passed: 0

Injecting Fault into CUT:  testchip.circuit.II4020 = 0
 
Starting BIST run

 
0 1 0 1 0 1 0 0 1 1 0 1 0 0 1 0 
Completed Bist...  BIST Passed: 0

Injecting Fault into CUT:  testchip.circuit.n745gat = 1
 
Starting BIST run

 
1 1 0 0 1 1 0 0 0 1 1 0 0 1 0 1 
Completed Bist...  BIST Passed: 0

Injecting Fault into CUT:  testchip.circuit.n1794gat = 0
 
Starting BIST run

 
1 0 1 0 1 1 0 0 1 1 0 1 1 0 1 1 
Completed Bist...  BIST Passed: 0

Injecting Fault into CUT:  testchip.circuit.II4623 = 1
 
Starting BIST run

 
1 0 1 0 1 1 0 0 1 1 0 1 1 0 1 1 
Completed Bist...  BIST Passed: 0

Injecting Fault into CUT:  testchip.circuit.II4759 = 0
 
Starting BIST run

 
1 0 1 0 1 1 0 0 1 1 0 1 1 0 1 1 
Completed Bist...  BIST Passed: 0

Injected          10 faults
Detected          12 faults
$finish called from file "testbench.v", line 239.
$finish at simulation time              1201250
Simulation complete, time is 1201250.
           V C S   S i m u l a t i o n   R e p o r t 
Time: 1201250
CPU Time:      1.300 seconds;       Data structure size:   0.4Mb
Tue Apr 18 21:17:11 2017
